<?xml version="1.0" encoding="UTF-8"?>
<!-- Generated by org.testng.reporters.JUnitXMLReporter -->
<testsuite ignored="0" hostname="DESKTOP-PQ7S2JC" failures="0" tests="2" name="Default test" time="16.847" errors="0" timestamp="2023-03-16T19:06:16 IST">
  <testcase classname="appiumproject.basePackage.SuperBaseClass" name="@BeforeClass Setup" time="16.77">
    <failure type="org.openqa.selenium.SessionNotCreatedException" message="Could not start a new session. Response code 500. Message: An unknown server-side error occurred while processing the command. Original error: Cannot start the &amp;apos;com.androidsample.generalstore&amp;apos; application. Visit https://github.com/appium/appium/blob/master/docs/en/writing-running-appium/android/activity-startup.md for troubleshooting. Original error: Error executing adbExec. Original error: &amp;apos;Command &amp;apos;&amp;apos;D:\\program files\\platform-tools\\adb.exe&amp;apos; -P 5037 -s JZBUSWZ9ROOBQ8ZD shell am start -W -n com.androidsample.generalstore/com.androidsample.generalstore.SplashActivity -S -a android.intent.action.MAIN -c android.intent.category.LAUNCHER -f 0x10200000&amp;apos; timed out after 20ms&amp;apos;. Try to increase the 20ms adb execution timeout represented by &amp;apos;adbExecTimeout&amp;apos; capability 
Host info: host: &amp;apos;DESKTOP-PQ7S2JC&amp;apos;, ip: &amp;apos;192.168.29.94&amp;apos;
Build info: version: &amp;apos;4.5.0&amp;apos;, revision: &amp;apos;fe167b119a&amp;apos;
System info: os.name: &amp;apos;Windows 10&amp;apos;, os.arch: &amp;apos;amd64&amp;apos;, os.version: &amp;apos;10.0&amp;apos;, java.version: &amp;apos;17.0.3&amp;apos;
Driver info: io.appium.java_client.android.AndroidDriver
Command: [null, newSession {capabilities=[{appium:app=C:\Users\Achal Trivedi\eclipse-workspace\AppiumFrameworkDesign\src\test\resources\apps\General-Store.apk, appium:appWaitDuration=20, appium:autoGrantPermissions=true, appium:automationName=UiAutomator2, appium:deviceName=vivo 1820, appium:newCommandTimeout=60, platformName=ANDROID, appium:platformVersion=8.1.0, appium:udid=JZBUSWZ9ROOBQ8ZD}], desiredCapabilities=Capabilities {app: C:\Users\Achal Trivedi\ecli..., appWaitDuration: 20, autoGrantPermissions: true, automationName: UiAutomator2, deviceName: vivo 1820, newCommandTimeout: 60, platformName: ANDROID, platformVersion: 8.1.0, udid: JZBUSWZ9ROOBQ8ZD}}]
Capabilities {}">
      <![CDATA[org.openqa.selenium.SessionNotCreatedException: Could not start a new session. Response code 500. Message: An unknown server-side error occurred while processing the command. Original error: Cannot start the 'com.androidsample.generalstore' application. Visit https://github.com/appium/appium/blob/master/docs/en/writing-running-appium/android/activity-startup.md for troubleshooting. Original error: Error executing adbExec. Original error: 'Command ''D:\\program files\\platform-tools\\adb.exe' -P 5037 -s JZBUSWZ9ROOBQ8ZD shell am start -W -n com.androidsample.generalstore/com.androidsample.generalstore.SplashActivity -S -a android.intent.action.MAIN -c android.intent.category.LAUNCHER -f 0x10200000' timed out after 20ms'. Try to increase the 20ms adb execution timeout represented by 'adbExecTimeout' capability 
Host info: host: 'DESKTOP-PQ7S2JC', ip: '192.168.29.94'
Build info: version: '4.5.0', revision: 'fe167b119a'
System info: os.name: 'Windows 10', os.arch: 'amd64', os.version: '10.0', java.version: '17.0.3'
Driver info: io.appium.java_client.android.AndroidDriver
Command: [null, newSession {capabilities=[{appium:app=C:\Users\Achal Trivedi\eclipse-workspace\AppiumFrameworkDesign\src\test\resources\apps\General-Store.apk, appium:appWaitDuration=20, appium:autoGrantPermissions=true, appium:automationName=UiAutomator2, appium:deviceName=vivo 1820, appium:newCommandTimeout=60, platformName=ANDROID, appium:platformVersion=8.1.0, appium:udid=JZBUSWZ9ROOBQ8ZD}], desiredCapabilities=Capabilities {app: C:\Users\Achal Trivedi\ecli..., appWaitDuration: 20, autoGrantPermissions: true, automationName: UiAutomator2, deviceName: vivo 1820, newCommandTimeout: 60, platformName: ANDROID, platformVersion: 8.1.0, udid: JZBUSWZ9ROOBQ8ZD}}]
Capabilities {}
at org.openqa.selenium.remote.ProtocolHandshake.createSession(ProtocolHandshake.java:144)
at java.base/jdk.internal.reflect.NativeMethodAccessorImpl.invoke0(Native Method)
at java.base/jdk.internal.reflect.NativeMethodAccessorImpl.invoke(NativeMethodAccessorImpl.java:77)
at java.base/jdk.internal.reflect.DelegatingMethodAccessorImpl.invoke(DelegatingMethodAccessorImpl.java:43)
at java.base/java.lang.reflect.Method.invoke(Method.java:568)
at io.appium.java_client.remote.AppiumProtocolHandshake.createSession(AppiumProtocolHandshake.java:126)
at io.appium.java_client.remote.AppiumProtocolHandshake.createSession(AppiumProtocolHandshake.java:102)
at io.appium.java_client.remote.AppiumCommandExecutor.createSession(AppiumCommandExecutor.java:155)
at io.appium.java_client.remote.AppiumCommandExecutor.execute(AppiumCommandExecutor.java:189)
at org.openqa.selenium.remote.RemoteWebDriver.execute(RemoteWebDriver.java:547)
at io.appium.java_client.AppiumDriver.startSession(AppiumDriver.java:229)
at org.openqa.selenium.remote.RemoteWebDriver.<init>(RemoteWebDriver.java:157)
at io.appium.java_client.AppiumDriver.<init>(AppiumDriver.java:80)
at io.appium.java_client.AppiumDriver.<init>(AppiumDriver.java:103)
at io.appium.java_client.android.AndroidDriver.<init>(AndroidDriver.java:139)
at appiumproject.basePackage.SuperBaseClass.Setup(SuperBaseClass.java:106)
at java.base/jdk.internal.reflect.NativeMethodAccessorImpl.invoke0(Native Method)
at java.base/jdk.internal.reflect.NativeMethodAccessorImpl.invoke(NativeMethodAccessorImpl.java:77)
at java.base/jdk.internal.reflect.DelegatingMethodAccessorImpl.invoke(DelegatingMethodAccessorImpl.java:43)
at java.base/java.lang.reflect.Method.invoke(Method.java:568)
at org.testng.internal.invokers.MethodInvocationHelper.invokeMethod(MethodInvocationHelper.java:139)
at org.testng.internal.invokers.MethodInvocationHelper.invokeMethodConsideringTimeout(MethodInvocationHelper.java:69)
at org.testng.internal.invokers.ConfigInvoker.invokeConfigurationMethod(ConfigInvoker.java:361)
at org.testng.internal.invokers.ConfigInvoker.invokeConfigurations(ConfigInvoker.java:296)
at org.testng.internal.invokers.TestMethodWorker.invokeBeforeClassMethods(TestMethodWorker.java:180)
at org.testng.internal.invokers.TestMethodWorker.run(TestMethodWorker.java:122)
at java.base/java.util.ArrayList.forEach(ArrayList.java:1511)
at org.testng.TestRunner.privateRun(TestRunner.java:806)
at org.testng.TestRunner.run(TestRunner.java:601)
at org.testng.SuiteRunner.runTest(SuiteRunner.java:433)
at org.testng.SuiteRunner.runSequentially(SuiteRunner.java:427)
at org.testng.SuiteRunner.privateRun(SuiteRunner.java:387)
at org.testng.SuiteRunner.run(SuiteRunner.java:330)
at org.testng.SuiteRunnerWorker.runSuite(SuiteRunnerWorker.java:52)
at org.testng.SuiteRunnerWorker.run(SuiteRunnerWorker.java:95)
at org.testng.TestNG.runSuitesSequentially(TestNG.java:1256)
at org.testng.TestNG.runSuitesLocally(TestNG.java:1176)
at org.testng.TestNG.runSuites(TestNG.java:1099)
at org.testng.TestNG.run(TestNG.java:1067)
at org.testng.remote.AbstractRemoteTestNG.run(AbstractRemoteTestNG.java:115)
at org.testng.remote.RemoteTestNG.initAndRun(RemoteTestNG.java:251)
at org.testng.remote.RemoteTestNG.main(RemoteTestNG.java:77)
]]>
    </failure>
  </testcase> <!-- @BeforeClass Setup -->
  <testcase classname="appiumproject.testcases.Test02_MultipleTests" name="@BeforeMethod goToHome" time="0.0">
    <skipped/>
  </testcase> <!-- @BeforeMethod goToHome -->
  <testcase classname="appiumproject.testcases.Test02_MultipleTests" name="@BeforeMethod goToHome" time="0.0">
    <skipped/>
  </testcase> <!-- @BeforeMethod goToHome -->
  <testcase classname="appiumproject.basePackage.SuperBaseClass" name="@AfterClass teardown" time="0.0">
    <skipped/>
  </testcase> <!-- @AfterClass teardown -->
  <testcase classname="appiumproject.testcases.Test02_MultipleTests" name="VerifyNameValidation_Test01" time="0.0">
    <skipped/>
  </testcase> <!-- VerifyNameValidation_Test01 -->
  <testcase classname="appiumproject.testcases.Test02_MultipleTests" name="FormSubmit_Test02" time="0.0">
    <skipped/>
  </testcase> <!-- FormSubmit_Test02 -->
</testsuite> <!-- Default test -->
